<?xml version="1.0" encoding="UTF-8"?>
<!-- Generated by org.testng.reporters.JUnitXMLReporter -->
<testsuite hostname="DESKTOP-P02QDB4" name="Default test" tests="4" failures="0" timestamp="10 May 2020 02:07:37 GMT" time="0.032" errors="0">
  <testcase name="@BeforeTest bf" time="0.0" classname="Academy.RediffHomePageTest">
    <failure type="java.lang.NullPointerException">
      <![CDATA[java.lang.NullPointerException
	at Academy.base.Intialization(base.java:40)
	at Academy.RediffHomePageTest.bf(RediffHomePageTest.java:28)
	at sun.reflect.NativeMethodAccessorImpl.invoke0(Native Method)
	at sun.reflect.NativeMethodAccessorImpl.invoke(Unknown Source)
	at sun.reflect.DelegatingMethodAccessorImpl.invoke(Unknown Source)
	at java.lang.reflect.Method.invoke(Unknown Source)
	at org.testng.internal.MethodInvocationHelper.invokeMethod(MethodInvocationHelper.java:86)
	at org.testng.internal.Invoker.invokeConfigurationMethod(Invoker.java:514)
	at org.testng.internal.Invoker.invokeConfigurations(Invoker.java:215)
	at org.testng.internal.Invoker.invokeConfigurations(Invoker.java:142)
	at org.testng.TestRunner.beforeRun(TestRunner.java:656)
	at org.testng.TestRunner.run(TestRunner.java:624)
	at org.testng.SuiteRunner.runTest(SuiteRunner.java:366)
	at org.testng.SuiteRunner.runSequentially(SuiteRunner.java:361)
	at org.testng.SuiteRunner.privateRun(SuiteRunner.java:319)
	at org.testng.SuiteRunner.run(SuiteRunner.java:268)
	at org.testng.SuiteRunnerWorker.runSuite(SuiteRunnerWorker.java:52)
	at org.testng.SuiteRunnerWorker.run(SuiteRunnerWorker.java:86)
	at org.testng.TestNG.runSuitesSequentially(TestNG.java:1244)
	at org.testng.TestNG.runSuitesLocally(TestNG.java:1169)
	at org.testng.TestNG.run(TestNG.java:1064)
	at org.testng.remote.RemoteTestNG.run(RemoteTestNG.java:113)
	at org.testng.remote.RemoteTestNG.initAndRun(RemoteTestNG.java:206)
	at org.testng.remote.RemoteTestNG.main(RemoteTestNG.java:177)
]]>
    </failure>
  </testcase> <!-- @BeforeTest bf -->
  <testcase name="@BeforeTest bf" time="0.0" classname="Academy.RediffHomePageTest">
    <skipped/>
  </testcase> <!-- @BeforeTest bf -->
  <testcase name="@BeforeTest bf" time="0.0" classname="Academy.RediffHomePageTest">
    <skipped/>
  </testcase> <!-- @BeforeTest bf -->
  <testcase name="@AfterTest AT" time="0.0" classname="Academy.RediffHomePageTest">
    <skipped/>
  </testcase> <!-- @AfterTest AT -->
  <testcase name="@AfterTest At" time="0.0" classname="Academy.RediffHomePageTest">
    <skipped/>
  </testcase> <!-- @AfterTest At -->
  <testcase name="Verify" time="0.001" classname="Academy.VerifyingTest">
    <skipped/>
  </testcase> <!-- Verify -->
  <testcase name="Demo" time="0.0" classname="Academy.RediffHomePageTest">
    <skipped/>
  </testcase> <!-- Demo -->
  <testcase name="Demo" time="0.0" classname="Academy.RediffHomePageTest">
    <skipped/>
  </testcase> <!-- Demo -->
  <testcase name="Validate" time="0.001" classname="Academy.ValidateTest">
    <skipped/>
  </testcase> <!-- Validate -->
</testsuite> <!-- Default test -->
