<?xml version="1.0" encoding="UTF-8"?>
<testng-results skipped="0" failed="0" ignored="0" total="3" passed="3">
  <reporter-output>
  </reporter-output>
  <suite name="Suite" duration-ms="28706" started-at="2020-05-10T09:15:17 IST" finished-at="2020-05-10T09:15:46 IST">
    <groups>
    </groups>
    <test name="Verify" duration-ms="13346" started-at="2020-05-10T09:15:17 IST" finished-at="2020-05-10T09:15:30 IST">
      <class name="Academy.VerifyingTest">
        <test-method status="PASS" signature="bf()[pri:0, instance:Academy.VerifyingTest@342c38f8]" name="bf" is-config="true" duration-ms="13287" started-at="2020-05-10T09:15:17 IST" finished-at="2020-05-10T09:15:30 IST">
          <reporter-output>
          </reporter-output>
        </test-method> <!-- bf -->
        <test-method status="PASS" signature="Verify()[pri:0, instance:Academy.VerifyingTest@342c38f8]" name="Verify" duration-ms="50" started-at="2020-05-10T09:15:30 IST" finished-at="2020-05-10T09:15:30 IST">
          <reporter-output>
          </reporter-output>
        </test-method> <!-- Verify -->
      </class> <!-- Academy.VerifyingTest -->
    </test> <!-- Verify -->
    <test name="Operation" duration-ms="28706" started-at="2020-05-10T09:15:17 IST" finished-at="2020-05-10T09:15:46 IST">
      <class name="Academy.RediffHomePageTest">
        <test-method status="PASS" signature="bf()[pri:0, instance:Academy.RediffHomePageTest@3b6ddd1d]" name="bf" is-config="true" duration-ms="6826" started-at="2020-05-10T09:15:17 IST" finished-at="2020-05-10T09:15:24 IST">
          <reporter-output>
          </reporter-output>
        </test-method> <!-- bf -->
        <test-method status="PASS" signature="Demo(java.lang.String, java.lang.String)[pri:0, instance:Academy.RediffHomePageTest@3b6ddd1d]" name="Demo" duration-ms="10506" started-at="2020-05-10T09:15:24 IST" data-provider="getdata" finished-at="2020-05-10T09:15:34 IST">
          <params>
            <param index="0">
              <value>
                <![CDATA[Rahul Raturi]]>
              </value>
            </param>
            <param index="1">
              <value>
                <![CDATA[Jaltheband@123]]>
              </value>
            </param>
          </params>
          <reporter-output>
          </reporter-output>
        </test-method> <!-- Demo -->
        <test-method status="PASS" signature="Demo(java.lang.String, java.lang.String)[pri:0, instance:Academy.RediffHomePageTest@3b6ddd1d]" name="Demo" duration-ms="10717" started-at="2020-05-10T09:15:34 IST" data-provider="getdata" finished-at="2020-05-10T09:15:45 IST">
          <params>
            <param index="0">
              <value>
                <![CDATA[Nivedita Raturi]]>
              </value>
            </param>
            <param index="1">
              <value>
                <![CDATA[Nivedita]]>
              </value>
            </param>
          </params>
          <reporter-output>
          </reporter-output>
        </test-method> <!-- Demo -->
        <test-method status="PASS" signature="AT()[pri:0, instance:Academy.RediffHomePageTest@3b6ddd1d]" name="AT" is-config="true" duration-ms="610" started-at="2020-05-10T09:15:45 IST" finished-at="2020-05-10T09:15:46 IST">
          <reporter-output>
          </reporter-output>
        </test-method> <!-- AT -->
      </class> <!-- Academy.RediffHomePageTest -->
    </test> <!-- Operation -->
  </suite> <!-- Suite -->
</testng-results>
