<?xml version="1.0" encoding="UTF-8"?>
<testng-results skipped="4" failed="0" total="4" passed="0">
  <reporter-output>
  </reporter-output>
  <suite name="Default suite" duration-ms="32" started-at="2020-05-10T02:07:37Z" finished-at="2020-05-10T02:07:37Z">
    <groups>
    </groups>
    <test name="Default test" duration-ms="32" started-at="2020-05-10T02:07:37Z" finished-at="2020-05-10T02:07:37Z">
      <class name="Academy.ValidateTest">
        <test-method status="SKIP" signature="Validate()[pri:0, instance:Academy.ValidateTest@4efbca5a]" name="Validate" duration-ms="1" started-at="2020-05-10T07:37:37Z" finished-at="2020-05-10T07:37:37Z">
          <reporter-output>
          </reporter-output>
        </test-method> <!-- Validate -->
      </class> <!-- Academy.ValidateTest -->
      <class name="Academy.VerifyingTest">
        <test-method status="SKIP" signature="Verify()[pri:0, instance:Academy.VerifyingTest@9597028]" name="Verify" duration-ms="1" started-at="2020-05-10T07:37:37Z" finished-at="2020-05-10T07:37:37Z">
          <reporter-output>
          </reporter-output>
        </test-method> <!-- Verify -->
      </class> <!-- Academy.VerifyingTest -->
      <class name="Academy.RediffHomePageTest">
        <test-method status="FAIL" signature="bf()[pri:0, instance:Academy.RediffHomePageTest@6069db50]" name="bf" is-config="true" duration-ms="0" started-at="2020-05-10T07:37:37Z" finished-at="2020-05-10T07:37:37Z">
          <exception class="java.lang.NullPointerException">
            <full-stacktrace>
              <![CDATA[java.lang.NullPointerException
	at Academy.base.Intialization(base.java:40)
	at Academy.RediffHomePageTest.bf(RediffHomePageTest.java:28)
	at sun.reflect.NativeMethodAccessorImpl.invoke0(Native Method)
	at sun.reflect.NativeMethodAccessorImpl.invoke(Unknown Source)
	at sun.reflect.DelegatingMethodAccessorImpl.invoke(Unknown Source)
	at java.lang.reflect.Method.invoke(Unknown Source)
	at org.testng.internal.MethodInvocationHelper.invokeMethod(MethodInvocationHelper.java:86)
	at org.testng.internal.Invoker.invokeConfigurationMethod(Invoker.java:514)
	at org.testng.internal.Invoker.invokeConfigurations(Invoker.java:215)
	at org.testng.internal.Invoker.invokeConfigurations(Invoker.java:142)
	at org.testng.TestRunner.beforeRun(TestRunner.java:656)
	at org.testng.TestRunner.run(TestRunner.java:624)
	at org.testng.SuiteRunner.runTest(SuiteRunner.java:366)
	at org.testng.SuiteRunner.runSequentially(SuiteRunner.java:361)
	at org.testng.SuiteRunner.privateRun(SuiteRunner.java:319)
	at org.testng.SuiteRunner.run(SuiteRunner.java:268)
	at org.testng.SuiteRunnerWorker.runSuite(SuiteRunnerWorker.java:52)
	at org.testng.SuiteRunnerWorker.run(SuiteRunnerWorker.java:86)
	at org.testng.TestNG.runSuitesSequentially(TestNG.java:1244)
	at org.testng.TestNG.runSuitesLocally(TestNG.java:1169)
	at org.testng.TestNG.run(TestNG.java:1064)
	at org.testng.remote.RemoteTestNG.run(RemoteTestNG.java:113)
	at org.testng.remote.RemoteTestNG.initAndRun(RemoteTestNG.java:206)
	at org.testng.remote.RemoteTestNG.main(RemoteTestNG.java:177)
]]>
            </full-stacktrace>
          </exception> <!-- java.lang.NullPointerException -->
          <reporter-output>
          </reporter-output>
        </test-method> <!-- bf -->
        <test-method status="SKIP" signature="bf()[pri:0, instance:Academy.VerifyingTest@9597028]" name="bf" is-config="true" duration-ms="0" started-at="2020-05-10T07:37:37Z" finished-at="2020-05-10T07:37:37Z">
          <reporter-output>
          </reporter-output>
        </test-method> <!-- bf -->
        <test-method status="SKIP" signature="bf()[pri:0, instance:Academy.ValidateTest@4efbca5a]" name="bf" is-config="true" duration-ms="0" started-at="2020-05-10T07:37:37Z" finished-at="2020-05-10T07:37:37Z">
          <reporter-output>
          </reporter-output>
        </test-method> <!-- bf -->
        <test-method status="SKIP" signature="Demo(java.lang.String, java.lang.String)[pri:0, instance:Academy.RediffHomePageTest@6069db50]" name="Demo" duration-ms="0" started-at="2020-05-10T07:37:37Z" data-provider="getdata" finished-at="2020-05-10T07:37:37Z">
          <params>
            <param index="0">
              <value>
                <![CDATA[Rahul Raturi]]>
              </value>
            </param>
            <param index="1">
              <value>
                <![CDATA[Jaltheband@123]]>
              </value>
            </param>
          </params>
          <reporter-output>
          </reporter-output>
        </test-method> <!-- Demo -->
        <test-method status="SKIP" signature="Demo(java.lang.String, java.lang.String)[pri:0, instance:Academy.RediffHomePageTest@6069db50]" name="Demo" duration-ms="0" started-at="2020-05-10T07:37:37Z" data-provider="getdata" finished-at="2020-05-10T07:37:37Z">
          <params>
            <param index="0">
              <value>
                <![CDATA[Nivedita Raturi]]>
              </value>
            </param>
            <param index="1">
              <value>
                <![CDATA[Nivedita]]>
              </value>
            </param>
          </params>
          <reporter-output>
          </reporter-output>
        </test-method> <!-- Demo -->
        <test-method status="SKIP" signature="AT()[pri:0, instance:Academy.RediffHomePageTest@6069db50]" name="AT" is-config="true" duration-ms="0" started-at="2020-05-10T07:37:37Z" finished-at="2020-05-10T07:37:37Z">
          <reporter-output>
          </reporter-output>
        </test-method> <!-- AT -->
        <test-method status="SKIP" signature="At()[pri:0, instance:Academy.ValidateTest@4efbca5a]" name="At" is-config="true" duration-ms="0" started-at="2020-05-10T07:37:37Z" finished-at="2020-05-10T07:37:37Z">
          <reporter-output>
          </reporter-output>
        </test-method> <!-- At -->
      </class> <!-- Academy.RediffHomePageTest -->
    </test> <!-- Default test -->
  </suite> <!-- Default suite -->
</testng-results>
